<?xml version="1.0" encoding="UTF-8"?>
<!-- Generated by org.testng.reporters.JUnitXMLReporter -->
<testsuite ignored="2" hostname="VyshakaShamanth" failures="0" tests="1" name="Test" time="6.719" errors="0" timestamp="2025-01-09T12:03:44 IST">
  <testcase classname="com.yahoo.testcases.ValidateTeslaStock" name="validate" time="6.684"/>
  <testcase classname="com.yahoo.drivers.Driver" name="@AfterSuite tearDown" time="0.0">
    <ignored/>
  </testcase> <!-- @AfterSuite tearDown -->
  <testcase classname="com.yahoo.drivers.Driver" name="@BeforeSuite setUp" time="0.0">
    <ignored/>
  </testcase> <!-- @BeforeSuite setUp -->
</testsuite> <!-- Test -->
