<?xml version="1.0" encoding="UTF-8"?>
<testng-results ignored="2" total="3" passed="1" failed="0" skipped="0">
  <reporter-output>
  </reporter-output>
  <suite started-at="2025-01-09T12:03:37 IST" name="Suite" finished-at="2025-01-09T12:03:44 IST" duration-ms="6719">
    <groups>
    </groups>
    <test started-at="2025-01-09T12:03:37 IST" name="Test" finished-at="2025-01-09T12:03:44 IST" duration-ms="6719">
      <class name="com.yahoo.testcases.ValidateTeslaStock">
        <test-method signature="validate()[pri:0, instance:com.yahoo.testcases.ValidateTeslaStock@443118b0]" started-at="2025-01-09T12:03:37 IST" name="validate" finished-at="2025-01-09T12:03:44 IST" duration-ms="6684" status="PASS">
          <reporter-output>
          </reporter-output>
        </test-method> <!-- validate -->
      </class> <!-- com.yahoo.testcases.ValidateTeslaStock -->
      <class name="com.yahoo.drivers.Driver">
        <test-method is-config="true" signature="setUp()[pri:0, instance:com.yahoo.drivers.Driver@3270d194]" started-at="2025-01-09T12:03:01 IST" name="setUp" finished-at="2025-01-09T12:03:37 IST" duration-ms="36198" status="PASS">
          <reporter-output>
          </reporter-output>
        </test-method> <!-- setUp -->
        <test-method is-config="true" signature="tearDown()[pri:0, instance:com.yahoo.drivers.Driver@3270d194]" started-at="2025-01-09T12:03:44 IST" name="tearDown" finished-at="2025-01-09T12:03:45 IST" duration-ms="1042" status="PASS">
          <reporter-output>
          </reporter-output>
        </test-method> <!-- tearDown -->
      </class> <!-- com.yahoo.drivers.Driver -->
    </test> <!-- Test -->
  </suite> <!-- Suite -->
</testng-results>
